<?xml version="1.0" encoding="UTF-8"?>
<!-- Generated by org.testng.reporters.JUnitReportReporter -->
<testsuite skipped="0" hostname="cchauhan-PC" name="Number_practice" tests="1" failures="0" timestamp="29 Mar 2020 09:54:52 GMT" time="275.324" errors="0">
  <testcase name="a" time="275.324" classname="Number_practice"/>
</testsuite> <!-- Number_practice -->
