<?xml version="1.0" encoding="UTF-8"?>
<!-- Generated by org.testng.reporters.JUnitReportReporter -->
<testsuite skipped="0" hostname="cchauhan-PC" name="SeleniumEncodeDecode" tests="1" failures="0" timestamp="09 Apr 2020 21:31:42 GMT" time="8.103" errors="0">
  <testcase name="Firstname" time="8.103" classname="SeleniumEncodeDecode"/>
</testsuite> <!-- SeleniumEncodeDecode -->
